<?xml version="1.0" encoding="UTF-8"?>
<robot generator="Robot 6.1.1 (Python 3.12.0 on win32)" generated="20231029 10:02:46.635" rpa="false" schemaversion="4">
<suite id="s1" name="signIn" source="C:\Users\ASUS\Documents\Automation Testing\Sanber50-Mobile-Automation-Kelompok-4\suites\signIn.robot">
<test id="s1-t1" name="Sign In success" line="5">
<kw name="Open Flight Application" library="base">
<kw name="Open Application" library="AppiumLibrary">
<arg>${REMOTE_URL}</arg>
<arg>platformName=${PLATFORM_NAME}</arg>
<arg>platformVersion=${PLATFORM_VERSION}</arg>
<arg>deviceName=RMX3472</arg>
<arg>appPackage=com.example.myapplication</arg>
<arg>appActivity=com.example.myapplication.MainActivity</arg>
<doc>Opens a new application to given Appium server.
Capabilities of appium server, Android and iOS,
Please check https://github.com/appium/appium/blob/master/docs/en/writing-running-appium/server-args.md
| *Option*            | *Man.* | *Description*     |
| remote_url          | Yes    | Appium server url |
| alias               | no     | alias             |
| strict_ssl          | No     | allows you to send commands to an invalid certificate host like a self-signed one. |</doc>
<status status="PASS" starttime="20231029 10:02:46.936" endtime="20231029 10:02:54.852"/>
</kw>
<status status="PASS" starttime="20231029 10:02:46.936" endtime="20231029 10:02:54.852"/>
</kw>
<kw name="Click Button Sign In" library="signIn">
<kw name="Click Element" library="AppiumLibrary">
<arg>//android.widget.Button[@resource-id="com.example.myapplication:id/login"]</arg>
<doc>Click element identified by `locator`.</doc>
<msg timestamp="20231029 10:02:54.852" level="INFO">Clicking element '//android.widget.Button[@resource-id="com.example.myapplication:id/login"]'.</msg>
<msg timestamp="20231029 10:02:56.845" level="INFO">xpath criteria: //android.widget.Button[@resource-id="com.example.myapplication:id/login"]</msg>
<status status="PASS" starttime="20231029 10:02:54.852" endtime="20231029 10:02:56.845"/>
</kw>
<status status="PASS" starttime="20231029 10:02:54.852" endtime="20231029 10:02:56.845"/>
</kw>
<kw name="Fill Username" library="signIn">
<kw name="Wait Until Element Is Visible" library="AppiumLibrary">
<arg>//android.widget.TextView[@resource-id="com.example.myapplication:id/textView2" and @text="Enter username"]</arg>
<doc>Waits until element specified with `locator` is visible.</doc>
<msg timestamp="20231029 10:02:58.806" level="INFO">xpath criteria: //android.widget.TextView[@resource-id="com.example.myapplication:id/textView2" and @text="Enter username"]
xpath criteria: //android.widget.TextView[@resource-id="com.example.myapplication:id/textView2" and @text="Enter username"]</msg>
<status status="PASS" starttime="20231029 10:02:56.845" endtime="20231029 10:02:58.806"/>
</kw>
<kw name="Click Element" library="AppiumLibrary">
<arg>//android.widget.EditText[@resource-id="com.example.myapplication:id/username"]</arg>
<doc>Click element identified by `locator`.</doc>
<msg timestamp="20231029 10:02:58.806" level="INFO">Clicking element '//android.widget.EditText[@resource-id="com.example.myapplication:id/username"]'.</msg>
<msg timestamp="20231029 10:03:00.155" level="INFO">xpath criteria: //android.widget.EditText[@resource-id="com.example.myapplication:id/username"]</msg>
<status status="PASS" starttime="20231029 10:02:58.806" endtime="20231029 10:03:00.155"/>
</kw>
<kw name="Input Text" library="AppiumLibrary">
<arg>//android.widget.EditText[@resource-id="com.example.myapplication:id/username"]</arg>
<arg>text="support@ngendigital.com"</arg>
<doc>Types the given `text` into text field identified by `locator`.</doc>
<msg timestamp="20231029 10:03:00.155" level="INFO">Typing text '"support@ngendigital.com"' into text field '//android.widget.EditText[@resource-id="com.example.myapplication:id/username"]'</msg>
<msg timestamp="20231029 10:03:00.376" level="INFO">xpath criteria: //android.widget.EditText[@resource-id="com.example.myapplication:id/username"]</msg>
<status status="PASS" starttime="20231029 10:03:00.155" endtime="20231029 10:03:00.376"/>
</kw>
<status status="PASS" starttime="20231029 10:02:56.845" endtime="20231029 10:03:00.376"/>
</kw>
<kw name="Fill Password" library="signIn">
<kw name="Wait Until Element Is Visible" library="AppiumLibrary">
<arg>//android.widget.TextView[@resource-id="com.example.myapplication:id/textView5" and @text="Enter password"]</arg>
<doc>Waits until element specified with `locator` is visible.</doc>
<msg timestamp="20231029 10:03:02.353" level="INFO">xpath criteria: //android.widget.TextView[@resource-id="com.example.myapplication:id/textView5" and @text="Enter password"]</msg>
<status status="PASS" starttime="20231029 10:03:00.376" endtime="20231029 10:03:02.353"/>
</kw>
<kw name="Click Element" library="AppiumLibrary">
<arg>//android.widget.EditText[@resource-id="com.example.myapplication:id/password"]</arg>
<doc>Click element identified by `locator`.</doc>
<msg timestamp="20231029 10:03:02.353" level="INFO">Clicking element '//android.widget.EditText[@resource-id="com.example.myapplication:id/password"]'.</msg>
<msg timestamp="20231029 10:03:03.172" level="INFO">xpath criteria: //android.widget.EditText[@resource-id="com.example.myapplication:id/password"]</msg>
<status status="PASS" starttime="20231029 10:03:02.353" endtime="20231029 10:03:03.172"/>
</kw>
<kw name="Input Text" library="AppiumLibrary">
<arg>//android.widget.EditText[@resource-id="com.example.myapplication:id/password"]</arg>
<arg>text="abc123"</arg>
<doc>Types the given `text` into text field identified by `locator`.</doc>
<msg timestamp="20231029 10:03:03.172" level="INFO">Typing text '"abc123"' into text field '//android.widget.EditText[@resource-id="com.example.myapplication:id/password"]'</msg>
<msg timestamp="20231029 10:03:03.734" level="INFO">xpath criteria: //android.widget.EditText[@resource-id="com.example.myapplication:id/password"]</msg>
<status status="PASS" starttime="20231029 10:03:03.172" endtime="20231029 10:03:03.734"/>
</kw>
<kw name="Hide Keyboard" library="AppiumLibrary">
<doc>Hides the software keyboard on the device. (optional) In iOS, use `key_name` to press
a particular key, ex. `Done`. In Android, no parameters are used.</doc>
<status status="PASS" starttime="20231029 10:03:03.734" endtime="20231029 10:03:05.775"/>
</kw>
<status status="PASS" starttime="20231029 10:03:00.376" endtime="20231029 10:03:05.775"/>
</kw>
<kw name="Click Button Login" library="signIn">
<kw name="Click Element" library="AppiumLibrary">
<arg>//android.widget.Button[@resource-id="com.example.myapplication:id/signIn"]</arg>
<doc>Click element identified by `locator`.</doc>
<msg timestamp="20231029 10:03:05.775" level="INFO">Clicking element '//android.widget.Button[@resource-id="com.example.myapplication:id/signIn"]'.</msg>
<msg timestamp="20231029 10:03:06.038" level="INFO">xpath criteria: //android.widget.Button[@resource-id="com.example.myapplication:id/signIn"]</msg>
<status status="PASS" starttime="20231029 10:03:05.775" endtime="20231029 10:03:06.038"/>
</kw>
<status status="PASS" starttime="20231029 10:03:05.775" endtime="20231029 10:03:06.038"/>
</kw>
<kw name="Close Flight Application" library="base">
<kw name="Close Application" library="AppiumLibrary">
<doc>Closes the current application and also close webdriver session.</doc>
<status status="PASS" starttime="20231029 10:03:06.038" endtime="20231029 10:03:06.644"/>
</kw>
<status status="PASS" starttime="20231029 10:03:06.038" endtime="20231029 10:03:06.644"/>
</kw>
<status status="PASS" starttime="20231029 10:02:46.936" endtime="20231029 10:03:06.644"/>
</test>
<status status="PASS" starttime="20231029 10:02:46.635" endtime="20231029 10:03:06.644"/>
</suite>
<statistics>
<total>
<stat pass="1" fail="0" skip="0">All Tests</stat>
</total>
<tag>
</tag>
<suite>
<stat pass="1" fail="0" skip="0" id="s1" name="signIn">signIn</stat>
</suite>
</statistics>
<errors>
</errors>
</robot>
