<?xml version="1.0" encoding="UTF-8"?>
<robot generator="Robot 6.1.1 (Python 3.12.0 on win32)" generated="20231029 10:21:30.994" rpa="false" schemaversion="4">
<suite id="s1" name="signIn" source="C:\Users\ASUS\Documents\Automation Testing\Sanber50-Mobile-Automation-Kelompok-4\suites\signIn.robot">
<test id="s1-t1" name="Sign In success" line="5">
<kw name="Open Flight Application" library="base">
<kw name="Open Application" library="AppiumLibrary">
<arg>${REMOTE_URL}</arg>
<arg>platformName=${PLATFORM_NAME}</arg>
<arg>platformVersion=${PLATFORM_VERSION}</arg>
<arg>deviceName=RMX3472</arg>
<arg>appPackage=com.example.myapplication</arg>
<arg>appActivity=com.example.myapplication.MainActivity</arg>
<doc>Opens a new application to given Appium server.
Capabilities of appium server, Android and iOS,
Please check https://github.com/appium/appium/blob/master/docs/en/writing-running-appium/server-args.md
| *Option*            | *Man.* | *Description*     |
| remote_url          | Yes    | Appium server url |
| alias               | no     | alias             |
| strict_ssl          | No     | allows you to send commands to an invalid certificate host like a self-signed one. |</doc>
<status status="PASS" starttime="20231029 10:21:31.259" endtime="20231029 10:21:40.413"/>
</kw>
<status status="PASS" starttime="20231029 10:21:31.259" endtime="20231029 10:21:40.413"/>
</kw>
<kw name="Click Button Sign In" library="signIn">
<kw name="Click Element" library="AppiumLibrary">
<arg>//android.widget.Button[@resource-id="com.example.myapplication:id/login"]</arg>
<doc>Click element identified by `locator`.</doc>
<msg timestamp="20231029 10:21:40.413" level="INFO">Clicking element '//android.widget.Button[@resource-id="com.example.myapplication:id/login"]'.</msg>
<msg timestamp="20231029 10:21:41.401" level="INFO">xpath criteria: //android.widget.Button[@resource-id="com.example.myapplication:id/login"]</msg>
<status status="PASS" starttime="20231029 10:21:40.413" endtime="20231029 10:21:41.401"/>
</kw>
<status status="PASS" starttime="20231029 10:21:40.413" endtime="20231029 10:21:41.401"/>
</kw>
<kw name="Fill Username" library="signIn">
<kw name="Wait Until Element Is Visible" library="AppiumLibrary">
<arg>//android.widget.TextView[@resource-id="com.example.myapplication:id/textView2" and @text="Enter username"]</arg>
<doc>Waits until element specified with `locator` is visible.</doc>
<msg timestamp="20231029 10:21:42.827" level="INFO">xpath criteria: //android.widget.TextView[@resource-id="com.example.myapplication:id/textView2" and @text="Enter username"]
xpath criteria: //android.widget.TextView[@resource-id="com.example.myapplication:id/textView2" and @text="Enter username"]</msg>
<status status="PASS" starttime="20231029 10:21:41.401" endtime="20231029 10:21:42.827"/>
</kw>
<kw name="Click Element" library="AppiumLibrary">
<arg>//android.widget.EditText[@resource-id="com.example.myapplication:id/username"]</arg>
<doc>Click element identified by `locator`.</doc>
<msg timestamp="20231029 10:21:42.827" level="INFO">Clicking element '//android.widget.EditText[@resource-id="com.example.myapplication:id/username"]'.</msg>
<msg timestamp="20231029 10:21:44.093" level="INFO">xpath criteria: //android.widget.EditText[@resource-id="com.example.myapplication:id/username"]</msg>
<status status="PASS" starttime="20231029 10:21:42.827" endtime="20231029 10:21:44.093"/>
</kw>
<kw name="Input Text" library="AppiumLibrary">
<arg>//android.widget.EditText[@resource-id="com.example.myapplication:id/username"]</arg>
<arg>text="support@ngendigital.com"</arg>
<doc>Types the given `text` into text field identified by `locator`.</doc>
<msg timestamp="20231029 10:21:44.093" level="INFO">Typing text '"support@ngendigital.com"' into text field '//android.widget.EditText[@resource-id="com.example.myapplication:id/username"]'</msg>
<msg timestamp="20231029 10:21:44.774" level="INFO">xpath criteria: //android.widget.EditText[@resource-id="com.example.myapplication:id/username"]</msg>
<status status="PASS" starttime="20231029 10:21:44.093" endtime="20231029 10:21:44.774"/>
</kw>
<status status="PASS" starttime="20231029 10:21:41.401" endtime="20231029 10:21:44.774"/>
</kw>
<kw name="Fill Password" library="signIn">
<kw name="Wait Until Element Is Visible" library="AppiumLibrary">
<arg>//android.widget.TextView[@resource-id="com.example.myapplication:id/textView5" and @text="Enter password"]</arg>
<doc>Waits until element specified with `locator` is visible.</doc>
<msg timestamp="20231029 10:21:45.647" level="INFO">xpath criteria: //android.widget.TextView[@resource-id="com.example.myapplication:id/textView5" and @text="Enter password"]</msg>
<status status="PASS" starttime="20231029 10:21:44.774" endtime="20231029 10:21:45.647"/>
</kw>
<kw name="Click Element" library="AppiumLibrary">
<arg>//android.widget.EditText[@resource-id="com.example.myapplication:id/password"]</arg>
<doc>Click element identified by `locator`.</doc>
<msg timestamp="20231029 10:21:45.652" level="INFO">Clicking element '//android.widget.EditText[@resource-id="com.example.myapplication:id/password"]'.</msg>
<msg timestamp="20231029 10:21:46.601" level="INFO">xpath criteria: //android.widget.EditText[@resource-id="com.example.myapplication:id/password"]</msg>
<status status="PASS" starttime="20231029 10:21:45.647" endtime="20231029 10:21:46.601"/>
</kw>
<kw name="Input Text" library="AppiumLibrary">
<arg>//android.widget.EditText[@resource-id="com.example.myapplication:id/password"]</arg>
<arg>text="abc123"</arg>
<doc>Types the given `text` into text field identified by `locator`.</doc>
<msg timestamp="20231029 10:21:46.601" level="INFO">Typing text '"abc123"' into text field '//android.widget.EditText[@resource-id="com.example.myapplication:id/password"]'</msg>
<msg timestamp="20231029 10:21:46.781" level="INFO">xpath criteria: //android.widget.EditText[@resource-id="com.example.myapplication:id/password"]</msg>
<status status="PASS" starttime="20231029 10:21:46.601" endtime="20231029 10:21:46.781"/>
</kw>
<kw name="Hide Keyboard" library="AppiumLibrary">
<doc>Hides the software keyboard on the device. (optional) In iOS, use `key_name` to press
a particular key, ex. `Done`. In Android, no parameters are used.</doc>
<status status="PASS" starttime="20231029 10:21:46.781" endtime="20231029 10:21:47.863"/>
</kw>
<status status="PASS" starttime="20231029 10:21:44.774" endtime="20231029 10:21:47.864"/>
</kw>
<kw name="Click Button Login" library="signIn">
<kw name="Click Element" library="AppiumLibrary">
<arg>//android.widget.Button[@resource-id="com.example.myapplication:id/signIn"]</arg>
<doc>Click element identified by `locator`.</doc>
<msg timestamp="20231029 10:21:47.868" level="INFO">Clicking element '//android.widget.Button[@resource-id="com.example.myapplication:id/signIn"]'.</msg>
<msg timestamp="20231029 10:21:48.109" level="INFO">xpath criteria: //android.widget.Button[@resource-id="com.example.myapplication:id/signIn"]</msg>
<status status="PASS" starttime="20231029 10:21:47.865" endtime="20231029 10:21:48.109"/>
</kw>
<status status="PASS" starttime="20231029 10:21:47.864" endtime="20231029 10:21:48.109"/>
</kw>
<kw name="Close Flight Application" library="base">
<kw name="Close Application" library="AppiumLibrary">
<doc>Closes the current application and also close webdriver session.</doc>
<status status="PASS" starttime="20231029 10:21:48.109" endtime="20231029 10:21:48.800"/>
</kw>
<status status="PASS" starttime="20231029 10:21:48.109" endtime="20231029 10:21:48.800"/>
</kw>
<status status="PASS" starttime="20231029 10:21:31.259" endtime="20231029 10:21:48.800"/>
</test>
<test id="s1-t2" name="Sign In failed" line="13">
<kw name="Open Flight Application" library="base">
<kw name="Open Application" library="AppiumLibrary">
<arg>${REMOTE_URL}</arg>
<arg>platformName=${PLATFORM_NAME}</arg>
<arg>platformVersion=${PLATFORM_VERSION}</arg>
<arg>deviceName=RMX3472</arg>
<arg>appPackage=com.example.myapplication</arg>
<arg>appActivity=com.example.myapplication.MainActivity</arg>
<doc>Opens a new application to given Appium server.
Capabilities of appium server, Android and iOS,
Please check https://github.com/appium/appium/blob/master/docs/en/writing-running-appium/server-args.md
| *Option*            | *Man.* | *Description*     |
| remote_url          | Yes    | Appium server url |
| alias               | no     | alias             |
| strict_ssl          | No     | allows you to send commands to an invalid certificate host like a self-signed one. |</doc>
<status status="PASS" starttime="20231029 10:21:48.804" endtime="20231029 10:21:56.489"/>
</kw>
<status status="PASS" starttime="20231029 10:21:48.804" endtime="20231029 10:21:56.489"/>
</kw>
<kw name="Click Button Sign In" library="signIn">
<kw name="Click Element" library="AppiumLibrary">
<arg>//android.widget.Button[@resource-id="com.example.myapplication:id/login"]</arg>
<doc>Click element identified by `locator`.</doc>
<msg timestamp="20231029 10:21:56.489" level="INFO">Clicking element '//android.widget.Button[@resource-id="com.example.myapplication:id/login"]'.</msg>
<msg timestamp="20231029 10:21:57.443" level="INFO">xpath criteria: //android.widget.Button[@resource-id="com.example.myapplication:id/login"]</msg>
<status status="PASS" starttime="20231029 10:21:56.489" endtime="20231029 10:21:57.443"/>
</kw>
<status status="PASS" starttime="20231029 10:21:56.489" endtime="20231029 10:21:57.443"/>
</kw>
<kw name="Fill Invalid Username" library="signIn">
<kw name="Wait Until Element Is Visible" library="AppiumLibrary">
<arg>//android.widget.TextView[@resource-id="com.example.myapplication:id/textView2" and @text="Enter username"]</arg>
<doc>Waits until element specified with `locator` is visible.</doc>
<msg timestamp="20231029 10:21:58.981" level="INFO">xpath criteria: //android.widget.TextView[@resource-id="com.example.myapplication:id/textView2" and @text="Enter username"]
xpath criteria: //android.widget.TextView[@resource-id="com.example.myapplication:id/textView2" and @text="Enter username"]</msg>
<status status="PASS" starttime="20231029 10:21:57.443" endtime="20231029 10:21:58.981"/>
</kw>
<kw name="Click Element" library="AppiumLibrary">
<arg>//android.widget.EditText[@resource-id="com.example.myapplication:id/username"]</arg>
<doc>Click element identified by `locator`.</doc>
<msg timestamp="20231029 10:21:58.981" level="INFO">Clicking element '//android.widget.EditText[@resource-id="com.example.myapplication:id/username"]'.</msg>
<msg timestamp="20231029 10:21:59.847" level="INFO">xpath criteria: //android.widget.EditText[@resource-id="com.example.myapplication:id/username"]</msg>
<status status="PASS" starttime="20231029 10:21:58.981" endtime="20231029 10:21:59.847"/>
</kw>
<kw name="Input Text" library="AppiumLibrary">
<arg>//android.widget.EditText[@resource-id="com.example.myapplication:id/username"]</arg>
<arg>text="supportngendigital.com"</arg>
<doc>Types the given `text` into text field identified by `locator`.</doc>
<msg timestamp="20231029 10:21:59.853" level="INFO">Typing text '"supportngendigital.com"' into text field '//android.widget.EditText[@resource-id="com.example.myapplication:id/username"]'</msg>
<msg timestamp="20231029 10:22:00.977" level="INFO">xpath criteria: //android.widget.EditText[@resource-id="com.example.myapplication:id/username"]</msg>
<status status="PASS" starttime="20231029 10:21:59.847" endtime="20231029 10:22:00.977"/>
</kw>
<status status="PASS" starttime="20231029 10:21:57.443" endtime="20231029 10:22:00.979"/>
</kw>
<kw name="Fill Password" library="signIn">
<kw name="Wait Until Element Is Visible" library="AppiumLibrary">
<arg>//android.widget.TextView[@resource-id="com.example.myapplication:id/textView5" and @text="Enter password"]</arg>
<doc>Waits until element specified with `locator` is visible.</doc>
<msg timestamp="20231029 10:22:02.333" level="INFO">xpath criteria: //android.widget.TextView[@resource-id="com.example.myapplication:id/textView5" and @text="Enter password"]</msg>
<status status="PASS" starttime="20231029 10:22:00.980" endtime="20231029 10:22:02.333"/>
</kw>
<kw name="Click Element" library="AppiumLibrary">
<arg>//android.widget.EditText[@resource-id="com.example.myapplication:id/password"]</arg>
<doc>Click element identified by `locator`.</doc>
<msg timestamp="20231029 10:22:02.333" level="INFO">Clicking element '//android.widget.EditText[@resource-id="com.example.myapplication:id/password"]'.</msg>
<msg timestamp="20231029 10:22:03.594" level="INFO">xpath criteria: //android.widget.EditText[@resource-id="com.example.myapplication:id/password"]</msg>
<status status="PASS" starttime="20231029 10:22:02.333" endtime="20231029 10:22:03.602"/>
</kw>
<kw name="Input Text" library="AppiumLibrary">
<arg>//android.widget.EditText[@resource-id="com.example.myapplication:id/password"]</arg>
<arg>text="abc123"</arg>
<doc>Types the given `text` into text field identified by `locator`.</doc>
<msg timestamp="20231029 10:22:03.607" level="INFO">Typing text '"abc123"' into text field '//android.widget.EditText[@resource-id="com.example.myapplication:id/password"]'</msg>
<msg timestamp="20231029 10:22:03.808" level="INFO">xpath criteria: //android.widget.EditText[@resource-id="com.example.myapplication:id/password"]</msg>
<status status="PASS" starttime="20231029 10:22:03.602" endtime="20231029 10:22:03.808"/>
</kw>
<kw name="Hide Keyboard" library="AppiumLibrary">
<doc>Hides the software keyboard on the device. (optional) In iOS, use `key_name` to press
a particular key, ex. `Done`. In Android, no parameters are used.</doc>
<status status="PASS" starttime="20231029 10:22:03.808" endtime="20231029 10:22:04.885"/>
</kw>
<status status="PASS" starttime="20231029 10:22:00.980" endtime="20231029 10:22:04.885"/>
</kw>
<kw name="Click Button Login" library="signIn">
<kw name="Click Element" library="AppiumLibrary">
<arg>//android.widget.Button[@resource-id="com.example.myapplication:id/signIn"]</arg>
<doc>Click element identified by `locator`.</doc>
<msg timestamp="20231029 10:22:04.895" level="INFO">Clicking element '//android.widget.Button[@resource-id="com.example.myapplication:id/signIn"]'.</msg>
<msg timestamp="20231029 10:22:05.106" level="INFO">xpath criteria: //android.widget.Button[@resource-id="com.example.myapplication:id/signIn"]</msg>
<status status="PASS" starttime="20231029 10:22:04.885" endtime="20231029 10:22:05.106"/>
</kw>
<status status="PASS" starttime="20231029 10:22:04.885" endtime="20231029 10:22:05.106"/>
</kw>
<kw name="Verify Login Failed" library="signIn">
<kw name="Wait Until Element Is Visible" library="AppiumLibrary">
<arg>//android.view.ViewGroup[@resource-id="com.example.myapplication:id/toolbar"]</arg>
<doc>Waits until element specified with `locator` is visible.</doc>
<msg timestamp="20231029 10:22:05.259" level="INFO">xpath criteria: //android.view.ViewGroup[@resource-id="com.example.myapplication:id/toolbar"]</msg>
<status status="PASS" starttime="20231029 10:22:05.109" endtime="20231029 10:22:05.259"/>
</kw>
<status status="PASS" starttime="20231029 10:22:05.106" endtime="20231029 10:22:05.259"/>
</kw>
<kw name="Close Flight Application" library="base">
<kw name="Close Application" library="AppiumLibrary">
<doc>Closes the current application and also close webdriver session.</doc>
<status status="PASS" starttime="20231029 10:22:05.259" endtime="20231029 10:22:05.891"/>
</kw>
<status status="PASS" starttime="20231029 10:22:05.259" endtime="20231029 10:22:05.891"/>
</kw>
<status status="PASS" starttime="20231029 10:21:48.803" endtime="20231029 10:22:05.891"/>
</test>
<status status="PASS" starttime="20231029 10:21:30.994" endtime="20231029 10:22:05.896"/>
</suite>
<statistics>
<total>
<stat pass="2" fail="0" skip="0">All Tests</stat>
</total>
<tag>
</tag>
<suite>
<stat pass="2" fail="0" skip="0" id="s1" name="signIn">signIn</stat>
</suite>
</statistics>
<errors>
</errors>
</robot>
